0 info it worked if it ends with ok
1 verbose cli [ '/Users/niklaslindgren/.nvm/versions/node/v6.6.0/bin/node',
1 verbose cli   '/Users/niklaslindgren/.nvm/versions/node/v6.6.0/bin/npm',
1 verbose cli   'version',
1 verbose cli   'patch' ]
2 info using npm@3.10.3
3 info using node@v6.6.0
4 error version No valid package.json found
5 verbose stack SyntaxError: Unexpected token } in JSON at position 652
5 verbose stack     at Object.parse (native)
5 verbose stack     at /Users/niklaslindgren/.nvm/versions/node/v6.6.0/lib/node_modules/npm/lib/version.js:114:19
5 verbose stack     at /Users/niklaslindgren/.nvm/versions/node/v6.6.0/lib/node_modules/npm/node_modules/graceful-fs/graceful-fs.js:78:16
5 verbose stack     at FSReqWrap.readFileAfterClose [as oncomplete] (fs.js:445:3)
6 verbose cwd /Users/niklaslindgren/src/projects/buble-tape-runner
7 error Darwin 15.6.0
8 error argv "/Users/niklaslindgren/.nvm/versions/node/v6.6.0/bin/node" "/Users/niklaslindgren/.nvm/versions/node/v6.6.0/bin/npm" "version" "patch"
9 error node v6.6.0
10 error npm  v3.10.3
11 error Unexpected token } in JSON at position 652
12 error If you need help, you may report this error at:
12 error     <https://github.com/npm/npm/issues>
13 verbose exit [ 1, true ]
